<?xml version="1.0" encoding="UTF-8"?>
<!-- Generated by org.testng.reporters.JUnitXMLReporter -->
<testsuite hostname="GEAP-517206M-LX" name="Test" tests="2" failures="0" timestamp="13 Sep 2017 08:36:57 GMT" time="509.518" errors="0">
  <testcase name="TestScenarios on [HomePageTest passed=0 failed=0 skipped=0]" time="148.108" classname="scenarios.HomePageTest"/>
  <testcase name="TestScenarios on [SolutionsPageTest passed=0 failed=0 skipped=0]" time="325.403" classname="scenarios.SolutionsPageTest"/>
</testsuite> <!-- Test -->
