<?xml version="1.0" encoding="UTF-8"?>
<!-- Generated by org.testng.reporters.JUnitXMLReporter -->
<testsuite hostname="AOPS-4510MC6-LX" name="Test" tests="2" failures="0" timestamp="14 Jul 2017 02:31:50 GMT" time="300.219" errors="0">
  <testcase name="TestScenarios on [HomePageTest passed=0 failed=0 skipped=0]" time="129.958" classname="scenarios.HomePageTest"/>
  <testcase name="TestScenarios on [SolutionsPageTest passed=0 failed=0 skipped=0]" time="161.173" classname="scenarios.SolutionsPageTest"/>
</testsuite> <!-- Test -->
