<?xml version="1.0" encoding="UTF-8"?>
<testng-results skipped="0" failed="0" total="1" passed="1">
  <reporter-output>
  </reporter-output>
  <suite name="Default suite" duration-ms="158006" started-at="2017-10-17T09:37:34Z" finished-at="2017-10-17T09:40:12Z">
    <groups>
    </groups>
    <test name="Default test" duration-ms="158006" started-at="2017-10-17T09:37:34Z" finished-at="2017-10-17T09:40:12Z">
      <class name="Sprint19.BookingCapacityTest">
        <test-method status="PASS" signature="startTest(org.testng.ITestContext)[pri:0, instance:[BookingCapacityTest passed=0 failed=0 skipped=0]]" name="startTest" is-config="true" duration-ms="24117" started-at="2017-10-17T17:37:34Z" finished-at="2017-10-17T17:37:58Z">
          <params>
            <param index="0">
              <value>
                <![CDATA[org.testng.TestRunner@2a1debfa]]>
              </value>
            </param>
          </params>
          <reporter-output>
          </reporter-output>
        </test-method> <!-- startTest -->
        <test-method status="PASS" signature="TestScenarios()[pri:0, instance:[BookingCapacityTest passed=0 failed=0 skipped=0]]" name="TestScenarios" duration-ms="130186" started-at="2017-10-17T17:37:58Z" finished-at="2017-10-17T17:40:09Z">
          <reporter-output>
          </reporter-output>
        </test-method> <!-- TestScenarios -->
        <test-method status="PASS" signature="endTest(org.testng.ITestContext)[pri:0, instance:[BookingCapacityTest passed=0 failed=0 skipped=0]]" name="endTest" is-config="true" duration-ms="2632" started-at="2017-10-17T17:40:09Z" finished-at="2017-10-17T17:40:12Z">
          <params>
            <param index="0">
              <value>
                <![CDATA[org.testng.TestRunner@2a1debfa]]>
              </value>
            </param>
          </params>
          <reporter-output>
          </reporter-output>
        </test-method> <!-- endTest -->
      </class> <!-- Sprint19.BookingCapacityTest -->
    </test> <!-- Default test -->
  </suite> <!-- Default suite -->
</testng-results>
